<?xml version="1.0" encoding="UTF-8"?>
<testng-results ignored="0" total="1" passed="1" failed="0" skipped="0">
  <reporter-output>
  </reporter-output>
  <suite started-at="2024-04-03T13:37:08 IST" name="Default suite" finished-at="2024-04-03T13:37:23 IST" duration-ms="14215">
    <groups>
    </groups>
    <test started-at="2024-04-03T13:37:08 IST" name="Default test" finished-at="2024-04-03T13:37:23 IST" duration-ms="14215">
      <class name="loginModule.LoginPage">
        <test-method is-config="true" signature="setUp()[pri:0, instance:loginModule.LoginPage@273e7444]" started-at="2024-04-03T13:37:09 IST" name="setUp" finished-at="2024-04-03T13:37:12 IST" duration-ms="3522" status="PASS">
          <reporter-output>
          </reporter-output>
        </test-method> <!-- setUp -->
        <test-method signature="testLogin()[pri:0, instance:loginModule.LoginPage@273e7444]" started-at="2024-04-03T13:37:12 IST" name="testLogin" finished-at="2024-04-03T13:37:22 IST" duration-ms="10220" status="PASS">
          <reporter-output>
          </reporter-output>
        </test-method> <!-- testLogin -->
        <test-method is-config="true" signature="tearDown()[pri:0, instance:loginModule.LoginPage@273e7444]" started-at="2024-04-03T13:37:22 IST" name="tearDown" finished-at="2024-04-03T13:37:23 IST" duration-ms="327" status="PASS">
          <reporter-output>
          </reporter-output>
        </test-method> <!-- tearDown -->
      </class> <!-- loginModule.LoginPage -->
    </test> <!-- Default test -->
  </suite> <!-- Default suite -->
</testng-results>
